java.lang.RuntimeException: java.io.FileNotFoundException: /Users/LGURMAN/.m2/repository/webdriver/chromedriver/mac64/2.38/chromedriver_mac64.zip (No such file or directory)
	at io.github.bonigarcia.wdm.BrowserManager.manage(BrowserManager.java:279)
	at io.github.bonigarcia.wdm.BrowserManager.setup(BrowserManager.java:817)
	at io.github.bonigarcia.wdm.BrowserManager.setup(BrowserManager.java:776)
	at com.automation.model.webdriver.configuration.ChromeConfiguration.downloadDriver(ChromeConfiguration.java:21)
	at com.automation.model.webdriver.DriverHelper.downloadDriver(DriverHelper.java:171)
	at com.automation.model.webdriver.DriverHelper.initializeDriver(DriverHelper.java:243)
	at com.automation.model.webdriver.DriverHelper.go(DriverHelper.java:623)
	at com.project.steps.Steps.user_goes_to(Steps.java:16)
	at tests.OnlineShopTest.lambda$onlineShop$0(OnlineShopTest.java:33)
	at com.automation.model.testing.UserStory.run(UserStory.java:265)
	at tests.OnlineShopTest.onlineShop(OnlineShopTest.java:40)
	at sun.reflect.NativeMethodAccessorImpl.invoke0(Native Method)
	at sun.reflect.NativeMethodAccessorImpl.invoke(NativeMethodAccessorImpl.java:62)
	at sun.reflect.DelegatingMethodAccessorImpl.invoke(DelegatingMethodAccessorImpl.java:43)
	at java.lang.reflect.Method.invoke(Method.java:498)
	at org.testng.internal.MethodInvocationHelper.invokeMethod(MethodInvocationHelper.java:85)
	at org.testng.internal.Invoker.invokeMethod(Invoker.java:639)
	at org.testng.internal.Invoker.invokeTestMethod(Invoker.java:816)
	at org.testng.internal.TestMethodWithDataProviderMethodWorker.call(TestMethodWithDataProviderMethodWorker.java:75)
	at org.testng.internal.TestMethodWithDataProviderMethodWorker.call(TestMethodWithDataProviderMethodWorker.java:14)
	at java.util.concurrent.FutureTask.run(FutureTask.java:266)
	at java.util.concurrent.Executors$RunnableAdapter.call(Executors.java:511)
	at java.util.concurrent.FutureTask.run(FutureTask.java:266)
	at java.util.concurrent.ThreadPoolExecutor.runWorker(ThreadPoolExecutor.java:1149)
	at java.util.concurrent.ThreadPoolExecutor$Worker.run(ThreadPoolExecutor.java:624)
	at java.lang.Thread.run(Thread.java:748)
Caused by: java.io.FileNotFoundException: /Users/LGURMAN/.m2/repository/webdriver/chromedriver/mac64/2.38/chromedriver_mac64.zip (No such file or directory)
	at java.util.zip.ZipFile.open(Native Method)
	at java.util.zip.ZipFile.<init>(ZipFile.java:225)
	at java.util.zip.ZipFile.<init>(ZipFile.java:155)
	at java.util.zip.ZipFile.<init>(ZipFile.java:169)
	at io.github.bonigarcia.wdm.Downloader.unZip(Downloader.java:153)
	at io.github.bonigarcia.wdm.Downloader.extract(Downloader.java:138)
	at io.github.bonigarcia.wdm.Downloader.download(Downloader.java:112)
	at io.github.bonigarcia.wdm.BrowserManager.manage(BrowserManager.java:264)
	... 25 more
