<html>
	<head>
		<title>
			Demo client test report 2018.05.24.16.54.24
		</title>
		<meta charset="UTF-8">
		</meta>
		<style>
			table {font-family: arial, sans-serif; border-collapse: collapse; width: 100%;}
td, th {border: 1px solid #dddddd; text-align: left; padding: 8px; text-align:center;}
tr:nth-child(even) {background-color: #dddddd;}
		</style>
	</head>
	<body>
		<hr>
		<h1 align="center">
			Extranjeria test report from 24/05/2018
		</h1>
		<hr>
	</body>
	<br>
	<div  name="browser_table">
		<table>
			<tbody>
				<tr>
					<th>
Browser: Chrome
					</th>
				</tr>
			</tbody>
		</table>
	</div>
	<br>
	<div  name="results_table">
		<table>
			<caption>
				<b>
					Extranjeria: Result
				</b>
			</caption>
			<tbody>
				<tr>
					<th>
						Failure
					</th>
				</tr>
				<tr>
					<th  style="color: red;">
						1
					</th>
				</tr>
			</tbody>
		</table>
		<hr>
	</div>
	<br>
	<div  name="dress_type_table">
		<table>
			<caption>
				<b>
					Extranjeria: Dress type
				</b>
			</caption>
			<tbody>
				<tr>
					<th>
						Casual
					</th>
				</tr>
				<tr>
					<th>
						0
					</th>
				</tr>
				<tr>
					<th  style="color: red;">
						1
					</th>
				</tr>
			</tbody>
		</table>
		<hr>
	</div>
	<br>
	<div  name="color_table">
		<table>
			<caption>
				<b>
					Extranjeria: Color
				</b>
			</caption>
			<tbody>
				<tr>
					<th>
						Orange
					</th>
				</tr>
				<tr>
					<th>
						0
					</th>
				</tr>
				<tr>
					<th  style="color: red;">
						1
					</th>
				</tr>
			</tbody>
		</table>
		<hr>
	</div>
	<br>
	<div  name="size_table">
		<table>
			<caption>
				<b>
					Extranjeria: Size
				</b>
			</caption>
			<tbody>
				<tr>
					<th>
						M
					</th>
				</tr>
				<tr>
					<th>
						0
					</th>
				</tr>
				<tr>
					<th  style="color: red;">
						1
					</th>
				</tr>
			</tbody>
		</table>
		<hr>
	</div>
	<br>
	<div  name="exception_table">
		<table>
			<caption>
				<b>
					Extranjeria: Exception
				</b>
			</caption>
			<tbody>
				<tr>
					<th>
						StaleElementReferenceException
					</th>
				</tr>
				<tr>
					<th  style="color: red;">
						1
					</th>
				</tr>
			</tbody>
		</table>
		<hr>
	</div>
	<br>
	<div>
		<h3>
			Extranjeria: Page Failures
		</h3>
		<hr>
		<div  id="img0">
			<p  title="FAILURE">
				<b  style="color: red;">
					[Failure case]
				</b>
Dress type: 
				<b>
					Casual; 
				</b>
Color: 
				<b>
					Orange; 
				</b>
Size: 
				<b>
					M; 
				</b>
			</p>
			<div  class="dropdown" style="display: none;">
				<p  title="FAILURE" name="E0">
					org.openqa.selenium.StaleElementReferenceException: stale element reference: element is not attached to the page document
  (Session info: chrome=66.0.3359.181)
  (Driver info: chromedriver=2.38.552518 (183d19265345f54ce39cbb94cf81ba5f15905011),platform=Mac OS X 10.13.1 x86_64) (WARNING: The server did not provide any stacktrace information)
Command duration or timeout: 0 milliseconds
For documentation on this error, please visit: http://seleniumhq.org/exceptions/stale_element_reference.html
Build info: version: '3.11.0', revision: 'e59cfb3', time: '2018-03-11T20:26:55.152Z'
System info: host: 'macags50.local', ip: 'fe80:0:0:0:100a:27bc:9877:178a%en0', os.name: 'Mac OS X', os.arch: 'x86_64', os.version: '10.13.1', java.version: '1.8.0_161'
Driver info: org.openqa.selenium.chrome.ChromeDriver
Capabilities {acceptInsecureCerts: false, acceptSslCerts: false, applicationCacheEnabled: false, browserConnectionEnabled: false, browserName: chrome, chrome: {chromedriverVersion: 2.38.552518 (183d19265345f5..., userDataDir: /var/folders/h1/8282mj6j41z...}, cssSelectorsEnabled: true, databaseEnabled: false, handlesAlerts: true, hasTouchScreen: false, javascriptEnabled: true, locationContextEnabled: true, mobileEmulationEnabled: false, nativeEvents: true, networkConnectionEnabled: false, pageLoadStrategy: normal, platform: MAC, platformName: MAC, rotatable: false, setWindowRect: true, takesHeapSnapshot: true, takesScreenshot: true, unexpectedAlertBehaviour: , unhandledPromptBehavior: , version: 66.0.3359.181, webStorageEnabled: true}
Session ID: 4303c105e1b75b248e1fc2d94275e608
	at sun.reflect.NativeConstructorAccessorImpl.newInstance0(Native Method)
	at sun.reflect.NativeConstructorAccessorImpl.newInstance(NativeConstructorAccessorImpl.java:62)
	at sun.reflect.DelegatingConstructorAccessorImpl.newInstance(DelegatingConstructorAccessorImpl.java:45)
	at java.lang.reflect.Constructor.newInstance(Constructor.java:423)
	at org.openqa.selenium.remote.ErrorHandler.createThrowable(ErrorHandler.java:214)
	at org.openqa.selenium.remote.ErrorHandler.throwIfResponseFailed(ErrorHandler.java:166)
	at org.openqa.selenium.remote.http.JsonHttpResponseCodec.reconstructValue(JsonHttpResponseCodec.java:40)
	at org.openqa.selenium.remote.http.AbstractHttpResponseCodec.decode(AbstractHttpResponseCodec.java:80)
	at org.openqa.selenium.remote.http.AbstractHttpResponseCodec.decode(AbstractHttpResponseCodec.java:44)
	at org.openqa.selenium.remote.HttpCommandExecutor.execute(HttpCommandExecutor.java:158)
	at org.openqa.selenium.remote.service.DriverCommandExecutor.execute(DriverCommandExecutor.java:83)
	at org.openqa.selenium.remote.RemoteWebDriver.execute(RemoteWebDriver.java:545)
	at org.openqa.selenium.remote.RemoteWebElement.execute(RemoteWebElement.java:279)
	at org.openqa.selenium.remote.RemoteWebElement.sendKeys(RemoteWebElement.java:100)
	at com.automation.model.webdriver.DriverHelper.appendText(DriverHelper.java:1017)
	at com.project.pages.ExtranjeriaHomePage.rellenarDatos(ExtranjeriaHomePage.java:79)
	at com.project.steps.Steps.user_fills_form_2(Steps.java:58)
	at tests.PedirCita.lambda$onlineShop$0(PedirCita.java:41)
	at com.automation.model.testing.UserStory.run(UserStory.java:265)
	at tests.PedirCita.onlineShop(PedirCita.java:49)
	at sun.reflect.NativeMethodAccessorImpl.invoke0(Native Method)
	at sun.reflect.NativeMethodAccessorImpl.invoke(NativeMethodAccessorImpl.java:62)
	at sun.reflect.DelegatingMethodAccessorImpl.invoke(DelegatingMethodAccessorImpl.java:43)
	at java.lang.reflect.Method.invoke(Method.java:498)
	at org.testng.internal.MethodInvocationHelper.invokeMethod(MethodInvocationHelper.java:85)
	at org.testng.internal.Invoker.invokeMethod(Invoker.java:639)
	at org.testng.internal.Invoker.invokeTestMethod(Invoker.java:816)
	at org.testng.internal.TestMethodWithDataProviderMethodWorker.call(TestMethodWithDataProviderMethodWorker.java:75)
	at org.testng.internal.TestMethodWithDataProviderMethodWorker.call(TestMethodWithDataProviderMethodWorker.java:14)
	at java.util.concurrent.FutureTask.run(FutureTask.java:266)
	at java.util.concurrent.Executors$RunnableAdapter.call(Executors.java:511)
	at java.util.concurrent.FutureTask.run(FutureTask.java:266)
	at java.util.concurrent.ThreadPoolExecutor.runWorker(ThreadPoolExecutor.java:1149)
	at java.util.concurrent.ThreadPoolExecutor$Worker.run(ThreadPoolExecutor.java:624)
	at java.lang.Thread.run(Thread.java:748)
				</p>
				<img  title="FAILURE" src="images/[ERROR] - 2018.05.24.16.54.24.i0.jpg" alt="Cannot load image">
				</img>
			</div>
			<script>
				document.getElementById('img0').addEventListener('click', changeVisibility);
function changeVisibility(){
	var dropdown = document.querySelector("#img0 > .dropdown");
	if(dropdown.getAttribute('style') == '') {
		dropdown.setAttribute('style','display:none;');
	}
	else{
 		dropdown.setAttribute('style','');
	}
}
			</script>
		</div>
		<hr>
	</div>
</html>